<?xml version="1.0" encoding="UTF-8"?>
<!-- Generated by org.testng.reporters.JUnitReportReporter -->
<testsuite hostname="initializing" failures="0" tests="2" name="pom.test.Test_tc001" time="20.902" errors="1" timestamp="2022-10-11T12:26:25 IST" skipped="1">
  <testcase classname="pom.test.Test_tc001" name="setup" time="20.902">
    <error type="java.lang.StackOverflowError">
      <![CDATA[java.lang.StackOverflowError
at com.utility.configdataprovider.get_BaseUrl_QA2(configdataprovider.java:24)
at com.utility.configdataprovider.get_BaseUrl_QA2(configdataprovider.java:24)
at com.utility.configdataprovider.get_BaseUrl_QA2(configdataprovider.java:24)
at com.utility.configdataprovider.get_BaseUrl_QA2(configdataprovider.java:24)
at com.utility.configdataprovider.get_BaseUrl_QA2(configdataprovider.java:24)
at com.utility.configdataprovider.get_BaseUrl_QA2(configdataprovider.java:24)
at com.utility.configdataprovider.get_BaseUrl_QA2(configdataprovider.java:24)
at com.utility.configdataprovider.get_BaseUrl_QA2(configdataprovider.java:24)
at com.utility.configdataprovider.get_BaseUrl_QA2(configdataprovider.java:24)
at com.utility.configdataprovider.get_BaseUrl_QA2(configdataprovider.java:24)
at com.utility.configdataprovider.get_BaseUrl_QA2(configdataprovider.java:24)
at com.utility.configdataprovider.get_BaseUrl_QA2(configdataprovider.java:24)
at com.utility.configdataprovider.get_BaseUrl_QA2(configdataprovider.java:24)
at com.utility.configdataprovider.get_BaseUrl_QA2(configdataprovider.java:24)
at com.utility.configdataprovider.get_BaseUrl_QA2(configdataprovider.java:24)
at com.utility.configdataprovider.get_BaseUrl_QA2(configdataprovider.java:24)
at com.utility.configdataprovider.get_BaseUrl_QA2(configdataprovider.java:24)
at com.utility.configdataprovider.get_BaseUrl_QA2(configdataprovider.java:24)
at com.utility.configdataprovider.get_BaseUrl_QA2(configdataprovider.java:24)
at com.utility.configdataprovider.get_BaseUrl_QA2(configdataprovider.java:24)
at com.utility.configdataprovider.get_BaseUrl_QA2(configdataprovider.java:24)
at com.utility.configdataprovider.get_BaseUrl_QA2(configdataprovider.java:24)
at com.utility.configdataprovider.get_BaseUrl_QA2(configdataprovider.java:24)
at com.utility.configdataprovider.get_BaseUrl_QA2(configdataprovider.java:24)
at com.utility.configdataprovider.get_BaseUrl_QA2(configdataprovider.java:24)
at com.utility.configdataprovider.get_BaseUrl_QA2(configdataprovider.java:24)
at com.utility.configdataprovider.get_BaseUrl_QA2(configdataprovider.java:24)
at com.utility.configdataprovider.get_BaseUrl_QA2(configdataprovider.java:24)
at com.utility.configdataprovider.get_BaseUrl_QA2(configdataprovider.java:24)
at com.utility.configdataprovider.get_BaseUrl_QA2(configdataprovider.java:24)
at com.utility.configdataprovider.get_BaseUrl_QA2(configdataprovider.java:24)
at com.utility.configdataprovider.get_BaseUrl_QA2(configdataprovider.java:24)
at com.utility.configdataprovider.get_BaseUrl_QA2(configdataprovider.java:24)
at com.utility.configdataprovider.get_BaseUrl_QA2(configdataprovider.java:24)
at com.utility.configdataprovider.get_BaseUrl_QA2(configdataprovider.java:24)
at com.utility.configdataprovider.get_BaseUrl_QA2(configdataprovider.java:24)
at com.utility.configdataprovider.get_BaseUrl_QA2(configdataprovider.java:24)
at com.utility.configdataprovider.get_BaseUrl_QA2(configdataprovider.java:24)
at com.utility.configdataprovider.get_BaseUrl_QA2(configdataprovider.java:24)
at com.utility.configdataprovider.get_BaseUrl_QA2(configdataprovider.java:24)
at com.utility.configdataprovider.get_BaseUrl_QA2(configdataprovider.java:24)
at com.utility.configdataprovider.get_BaseUrl_QA2(configdataprovider.java:24)
at com.utility.configdataprovider.get_BaseUrl_QA2(configdataprovider.java:24)
at com.utility.configdataprovider.get_BaseUrl_QA2(configdataprovider.java:24)
at com.utility.configdataprovider.get_BaseUrl_QA2(configdataprovider.java:24)
at com.utility.configdataprovider.get_BaseUrl_QA2(configdataprovider.java:24)
at com.utility.configdataprovider.get_BaseUrl_QA2(configdataprovider.java:24)
at com.utility.configdataprovider.get_BaseUrl_QA2(configdataprovider.java:24)
at com.utility.configdataprovider.get_BaseUrl_QA2(configdataprovider.java:24)
at com.utility.configdataprovider.get_BaseUrl_QA2(configdataprovider.java:24)
at com.utility.configdataprovider.get_BaseUrl_QA2(configdataprovider.java:24)
at com.utility.configdataprovider.get_BaseUrl_QA2(configdataprovider.java:24)
at com.utility.configdataprovider.get_BaseUrl_QA2(configdataprovider.java:24)
at com.utility.configdataprovider.get_BaseUrl_QA2(configdataprovider.java:24)
at com.utility.configdataprovider.get_BaseUrl_QA2(configdataprovider.java:24)
at com.utility.configdataprovider.get_BaseUrl_QA2(configdataprovider.java:24)
at com.utility.configdataprovider.get_BaseUrl_QA2(configdataprovider.java:24)
at com.utility.configdataprovider.get_BaseUrl_QA2(configdataprovider.java:24)
at com.utility.configdataprovider.get_BaseUrl_QA2(configdataprovider.java:24)
at com.utility.configdataprovider.get_BaseUrl_QA2(configdataprovider.java:24)
at com.utility.configdataprovider.get_BaseUrl_QA2(configdataprovider.java:24)
at com.utility.configdataprovider.get_BaseUrl_QA2(configdataprovider.java:24)
at com.utility.configdataprovider.get_BaseUrl_QA2(configdataprovider.java:24)
at com.utility.configdataprovider.get_BaseUrl_QA2(configdataprovider.java:24)
at com.utility.configdataprovider.get_BaseUrl_QA2(configdataprovider.java:24)
at com.utility.configdataprovider.get_BaseUrl_QA2(configdataprovider.java:24)
at com.utility.configdataprovider.get_BaseUrl_QA2(configdataprovider.java:24)
at com.utility.configdataprovider.get_BaseUrl_QA2(configdataprovider.java:24)
at com.utility.configdataprovider.get_BaseUrl_QA2(configdataprovider.java:24)
at com.utility.configdataprovider.get_BaseUrl_QA2(configdataprovider.java:24)
at com.utility.configdataprovider.get_BaseUrl_QA2(configdataprovider.java:24)
at com.utility.configdataprovider.get_BaseUrl_QA2(configdataprovider.java:24)
at com.utility.configdataprovider.get_BaseUrl_QA2(configdataprovider.java:24)
at com.utility.configdataprovider.get_BaseUrl_QA2(configdataprovider.java:24)
at com.utility.configdataprovider.get_BaseUrl_QA2(configdataprovider.java:24)
at com.utility.configdataprovider.get_BaseUrl_QA2(configdataprovider.java:24)
at com.utility.configdataprovider.get_BaseUrl_QA2(configdataprovider.java:24)
at com.utility.configdataprovider.get_BaseUrl_QA2(configdataprovider.java:24)
at com.utility.configdataprovider.get_BaseUrl_QA2(configdataprovider.java:24)
at com.utility.configdataprovider.get_BaseUrl_QA2(configdataprovider.java:24)
at com.utility.configdataprovider.get_BaseUrl_QA2(configdataprovider.java:24)
at com.utility.configdataprovider.get_BaseUrl_QA2(configdataprovider.java:24)
at com.utility.configdataprovider.get_BaseUrl_QA2(configdataprovider.java:24)
at com.utility.configdataprovider.get_BaseUrl_QA2(configdataprovider.java:24)
at com.utility.configdataprovider.get_BaseUrl_QA2(configdataprovider.java:24)
at com.utility.configdataprovider.get_BaseUrl_QA2(configdataprovider.java:24)
at com.utility.configdataprovider.get_BaseUrl_QA2(configdataprovider.java:24)
at com.utility.configdataprovider.get_BaseUrl_QA2(configdataprovider.java:24)
at com.utility.configdataprovider.get_BaseUrl_QA2(configdataprovider.java:24)
at com.utility.configdataprovider.get_BaseUrl_QA2(configdataprovider.java:24)
at com.utility.configdataprovider.get_BaseUrl_QA2(configdataprovider.java:24)
at com.utility.configdataprovider.get_BaseUrl_QA2(configdataprovider.java:24)
at com.utility.configdataprovider.get_BaseUrl_QA2(configdataprovider.java:24)
at com.utility.configdataprovider.get_BaseUrl_QA2(configdataprovider.java:24)
at com.utility.configdataprovider.get_BaseUrl_QA2(configdataprovider.java:24)
at com.utility.configdataprovider.get_BaseUrl_QA2(configdataprovider.java:24)
at com.utility.configdataprovider.get_BaseUrl_QA2(configdataprovider.java:24)
at com.utility.configdataprovider.get_BaseUrl_QA2(configdataprovider.java:24)
at com.utility.configdataprovider.get_BaseUrl_QA2(configdataprovider.java:24)
at com.utility.configdataprovider.get_BaseUrl_QA2(configdataprovider.java:24)
at com.utility.configdataprovider.get_BaseUrl_QA2(configdataprovider.java:24)
at com.utility.configdataprovider.get_BaseUrl_QA2(configdataprovider.java:24)
at com.utility.configdataprovider.get_BaseUrl_QA2(configdataprovider.java:24)
at com.utility.configdataprovider.get_BaseUrl_QA2(configdataprovider.java:24)
at com.utility.configdataprovider.get_BaseUrl_QA2(configdataprovider.java:24)
at com.utility.configdataprovider.get_BaseUrl_QA2(configdataprovider.java:24)
at com.utility.configdataprovider.get_BaseUrl_QA2(configdataprovider.java:24)
at com.utility.configdataprovider.get_BaseUrl_QA2(configdataprovider.java:24)
at com.utility.configdataprovider.get_BaseUrl_QA2(configdataprovider.java:24)
at com.utility.configdataprovider.get_BaseUrl_QA2(configdataprovider.java:24)
at com.utility.configdataprovider.get_BaseUrl_QA2(configdataprovider.java:24)
at com.utility.configdataprovider.get_BaseUrl_QA2(configdataprovider.java:24)
at com.utility.configdataprovider.get_BaseUrl_QA2(configdataprovider.java:24)
at com.utility.configdataprovider.get_BaseUrl_QA2(configdataprovider.java:24)
at com.utility.configdataprovider.get_BaseUrl_QA2(configdataprovider.java:24)
at com.utility.configdataprovider.get_BaseUrl_QA2(configdataprovider.java:24)
at com.utility.configdataprovider.get_BaseUrl_QA2(configdataprovider.java:24)
at com.utility.configdataprovider.get_BaseUrl_QA2(configdataprovider.java:24)
at com.utility.configdataprovider.get_BaseUrl_QA2(configdataprovider.java:24)
at com.utility.configdataprovider.get_BaseUrl_QA2(configdataprovider.java:24)
at com.utility.configdataprovider.get_BaseUrl_QA2(configdataprovider.java:24)
at com.utility.configdataprovider.get_BaseUrl_QA2(configdataprovider.java:24)
at com.utility.configdataprovider.get_BaseUrl_QA2(configdataprovider.java:24)
at com.utility.configdataprovider.get_BaseUrl_QA2(configdataprovider.java:24)
at com.utility.configdataprovider.get_BaseUrl_QA2(configdataprovider.java:24)
at com.utility.configdataprovider.get_BaseUrl_QA2(configdataprovider.java:24)
at com.utility.configdataprovider.get_BaseUrl_QA2(configdataprovider.java:24)
at com.utility.configdataprovider.get_BaseUrl_QA2(configdataprovider.java:24)
at com.utility.configdataprovider.get_BaseUrl_QA2(configdataprovider.java:24)
at com.utility.configdataprovider.get_BaseUrl_QA2(configdataprovider.java:24)
at com.utility.configdataprovider.get_BaseUrl_QA2(configdataprovider.java:24)
at com.utility.configdataprovider.get_BaseUrl_QA2(configdataprovider.java:24)
at com.utility.configdataprovider.get_BaseUrl_QA2(configdataprovider.java:24)
at com.utility.configdataprovider.get_BaseUrl_QA2(configdataprovider.java:24)
at com.utility.configdataprovider.get_BaseUrl_QA2(configdataprovider.java:24)
at com.utility.configdataprovider.get_BaseUrl_QA2(configdataprovider.java:24)
at com.utility.configdataprovider.get_BaseUrl_QA2(configdataprovider.java:24)
at com.utility.configdataprovider.get_BaseUrl_QA2(configdataprovider.java:24)
at com.utility.configdataprovider.get_BaseUrl_QA2(configdataprovider.java:24)
at com.utility.configdataprovider.get_BaseUrl_QA2(configdataprovider.java:24)
at com.utility.configdataprovider.get_BaseUrl_QA2(configdataprovider.java:24)
at com.utility.configdataprovider.get_BaseUrl_QA2(configdataprovider.java:24)
at com.utility.configdataprovider.get_BaseUrl_QA2(configdataprovider.java:24)
at com.utility.configdataprovider.get_BaseUrl_QA2(configdataprovider.java:24)
at com.utility.configdataprovider.get_BaseUrl_QA2(configdataprovider.java:24)
at com.utility.configdataprovider.get_BaseUrl_QA2(configdataprovider.java:24)
at com.utility.configdataprovider.get_BaseUrl_QA2(configdataprovider.java:24)
at com.utility.configdataprovider.get_BaseUrl_QA2(configdataprovider.java:24)
at com.utility.configdataprovider.get_BaseUrl_QA2(configdataprovider.java:24)
at com.utility.configdataprovider.get_BaseUrl_QA2(configdataprovider.java:24)
at com.utility.configdataprovider.get_BaseUrl_QA2(configdataprovider.java:24)
at com.utility.configdataprovider.get_BaseUrl_QA2(configdataprovider.java:24)
at com.utility.configdataprovider.get_BaseUrl_QA2(configdataprovider.java:24)
at com.utility.configdataprovider.get_BaseUrl_QA2(configdataprovider.java:24)
at com.utility.configdataprovider.get_BaseUrl_QA2(configdataprovider.java:24)
at com.utility.configdataprovider.get_BaseUrl_QA2(configdataprovider.java:24)
at com.utility.configdataprovider.get_BaseUrl_QA2(configdataprovider.java:24)
at com.utility.configdataprovider.get_BaseUrl_QA2(configdataprovider.java:24)
at com.utility.configdataprovider.get_BaseUrl_QA2(configdataprovider.java:24)
at com.utility.configdataprovider.get_BaseUrl_QA2(configdataprovider.java:24)
at com.utility.configdataprovider.get_BaseUrl_QA2(configdataprovider.java:24)
at com.utility.configdataprovider.get_BaseUrl_QA2(configdataprovider.java:24)
at com.utility.configdataprovider.get_BaseUrl_QA2(configdataprovider.java:24)
at com.utility.configdataprovider.get_BaseUrl_QA2(configdataprovider.java:24)
at com.utility.configdataprovider.get_BaseUrl_QA2(configdataprovider.java:24)
at com.utility.configdataprovider.get_BaseUrl_QA2(configdataprovider.java:24)
at com.utility.configdataprovider.get_BaseUrl_QA2(configdataprovider.java:24)
at com.utility.configdataprovider.get_BaseUrl_QA2(configdataprovider.java:24)
at com.utility.configdataprovider.get_BaseUrl_QA2(configdataprovider.java:24)
at com.utility.configdataprovider.get_BaseUrl_QA2(configdataprovider.java:24)
at com.utility.configdataprovider.get_BaseUrl_QA2(configdataprovider.java:24)
at com.utility.configdataprovider.get_BaseUrl_QA2(configdataprovider.java:24)
at com.utility.configdataprovider.get_BaseUrl_QA2(configdataprovider.java:24)
at com.utility.configdataprovider.get_BaseUrl_QA2(configdataprovider.java:24)
at com.utility.configdataprovider.get_BaseUrl_QA2(configdataprovider.java:24)
at com.utility.configdataprovider.get_BaseUrl_QA2(configdataprovider.java:24)
at com.utility.configdataprovider.get_BaseUrl_QA2(configdataprovider.java:24)
at com.utility.configdataprovider.get_BaseUrl_QA2(configdataprovider.java:24)
at com.utility.configdataprovider.get_BaseUrl_QA2(configdataprovider.java:24)
at com.utility.configdataprovider.get_BaseUrl_QA2(configdataprovider.java:24)
at com.utility.configdataprovider.get_BaseUrl_QA2(configdataprovider.java:24)
at com.utility.configdataprovider.get_BaseUrl_QA2(configdataprovider.java:24)
at com.utility.configdataprovider.get_BaseUrl_QA2(configdataprovider.java:24)
at com.utility.configdataprovider.get_BaseUrl_QA2(configdataprovider.java:24)
at com.utility.configdataprovider.get_BaseUrl_QA2(configdataprovider.java:24)
at com.utility.configdataprovider.get_BaseUrl_QA2(configdataprovider.java:24)
at com.utility.configdataprovider.get_BaseUrl_QA2(configdataprovider.java:24)
at com.utility.configdataprovider.get_BaseUrl_QA2(configdataprovider.java:24)
at com.utility.configdataprovider.get_BaseUrl_QA2(configdataprovider.java:24)
at com.utility.configdataprovider.get_BaseUrl_QA2(configdataprovider.java:24)
at com.utility.configdataprovider.get_BaseUrl_QA2(configdataprovider.java:24)
at com.utility.configdataprovider.get_BaseUrl_QA2(configdataprovider.java:24)
at com.utility.configdataprovider.get_BaseUrl_QA2(configdataprovider.java:24)
at com.utility.configdataprovider.get_BaseUrl_QA2(configdataprovider.java:24)
at com.utility.configdataprovider.get_BaseUrl_QA2(configdataprovider.java:24)
at com.utility.configdataprovider.get_BaseUrl_QA2(configdataprovider.java:24)
at com.utility.configdataprovider.get_BaseUrl_QA2(configdataprovider.java:24)
at com.utility.configdataprovider.get_BaseUrl_QA2(configdataprovider.java:24)
at com.utility.configdataprovider.get_BaseUrl_QA2(configdataprovider.java:24)
at com.utility.configdataprovider.get_BaseUrl_QA2(configdataprovider.java:24)
at com.utility.configdataprovider.get_BaseUrl_QA2(configdataprovider.java:24)
at com.utility.configdataprovider.get_BaseUrl_QA2(configdataprovider.java:24)
at com.utility.configdataprovider.get_BaseUrl_QA2(configdataprovider.java:24)
at com.utility.configdataprovider.get_BaseUrl_QA2(configdataprovider.java:24)
at com.utility.configdataprovider.get_BaseUrl_QA2(configdataprovider.java:24)
at com.utility.configdataprovider.get_BaseUrl_QA2(configdataprovider.java:24)
at com.utility.configdataprovider.get_BaseUrl_QA2(configdataprovider.java:24)
at com.utility.configdataprovider.get_BaseUrl_QA2(configdataprovider.java:24)
at com.utility.configdataprovider.get_BaseUrl_QA2(configdataprovider.java:24)
at com.utility.configdataprovider.get_BaseUrl_QA2(configdataprovider.java:24)
at com.utility.configdataprovider.get_BaseUrl_QA2(configdataprovider.java:24)
at com.utility.configdataprovider.get_BaseUrl_QA2(configdataprovider.java:24)
at com.utility.configdataprovider.get_BaseUrl_QA2(configdataprovider.java:24)
at com.utility.configdataprovider.get_BaseUrl_QA2(configdataprovider.java:24)
at com.utility.configdataprovider.get_BaseUrl_QA2(configdataprovider.java:24)
at com.utility.configdataprovider.get_BaseUrl_QA2(configdataprovider.java:24)
at com.utility.configdataprovider.get_BaseUrl_QA2(configdataprovider.java:24)
at com.utility.configdataprovider.get_BaseUrl_QA2(configdataprovider.java:24)
at com.utility.configdataprovider.get_BaseUrl_QA2(configdataprovider.java:24)
at com.utility.configdataprovider.get_BaseUrl_QA2(configdataprovider.java:24)
at com.utility.configdataprovider.get_BaseUrl_QA2(configdataprovider.java:24)
at com.utility.configdataprovider.get_BaseUrl_QA2(configdataprovider.java:24)
at com.utility.configdataprovider.get_BaseUrl_QA2(configdataprovider.java:24)
at com.utility.configdataprovider.get_BaseUrl_QA2(configdataprovider.java:24)
at com.utility.configdataprovider.get_BaseUrl_QA2(configdataprovider.java:24)
at com.utility.configdataprovider.get_BaseUrl_QA2(configdataprovider.java:24)
at com.utility.configdataprovider.get_BaseUrl_QA2(configdataprovider.java:24)
at com.utility.configdataprovider.get_BaseUrl_QA2(configdataprovider.java:24)
at com.utility.configdataprovider.get_BaseUrl_QA2(configdataprovider.java:24)
at com.utility.configdataprovider.get_BaseUrl_QA2(configdataprovider.java:24)
at com.utility.configdataprovider.get_BaseUrl_QA2(configdataprovider.java:24)
at com.utility.configdataprovider.get_BaseUrl_QA2(configdataprovider.java:24)
at com.utility.configdataprovider.get_BaseUrl_QA2(configdataprovider.java:24)
at com.utility.configdataprovider.get_BaseUrl_QA2(configdataprovider.java:24)
at com.utility.configdataprovider.get_BaseUrl_QA2(configdataprovider.java:24)
at com.utility.configdataprovider.get_BaseUrl_QA2(configdataprovider.java:24)
at com.utility.configdataprovider.get_BaseUrl_QA2(configdataprovider.java:24)
at com.utility.configdataprovider.get_BaseUrl_QA2(configdataprovider.java:24)
at com.utility.configdataprovider.get_BaseUrl_QA2(configdataprovider.java:24)
at com.utility.configdataprovider.get_BaseUrl_QA2(configdataprovider.java:24)
at com.utility.configdataprovider.get_BaseUrl_QA2(configdataprovider.java:24)
at com.utility.configdataprovider.get_BaseUrl_QA2(configdataprovider.java:24)
at com.utility.configdataprovider.get_BaseUrl_QA2(configdataprovider.java:24)
at com.utility.configdataprovider.get_BaseUrl_QA2(configdataprovider.java:24)
at com.utility.configdataprovider.get_BaseUrl_QA2(configdataprovider.java:24)
at com.utility.configdataprovider.get_BaseUrl_QA2(configdataprovider.java:24)
at com.utility.configdataprovider.get_BaseUrl_QA2(configdataprovider.java:24)
at com.utility.configdataprovider.get_BaseUrl_QA2(configdataprovider.java:24)
at com.utility.configdataprovider.get_BaseUrl_QA2(configdataprovider.java:24)
at com.utility.configdataprovider.get_BaseUrl_QA2(configdataprovider.java:24)
at com.utility.configdataprovider.get_BaseUrl_QA2(configdataprovider.java:24)
at com.utility.configdataprovider.get_BaseUrl_QA2(configdataprovider.java:24)
at com.utility.configdataprovider.get_BaseUrl_QA2(configdataprovider.java:24)
at com.utility.configdataprovider.get_BaseUrl_QA2(configdataprovider.java:24)
at com.utility.configdataprovider.get_BaseUrl_QA2(configdataprovider.java:24)
at com.utility.configdataprovider.get_BaseUrl_QA2(configdataprovider.java:24)
at com.utility.configdataprovider.get_BaseUrl_QA2(configdataprovider.java:24)
at com.utility.configdataprovider.get_BaseUrl_QA2(configdataprovider.java:24)
at com.utility.configdataprovider.get_BaseUrl_QA2(configdataprovider.java:24)
at com.utility.configdataprovider.get_BaseUrl_QA2(configdataprovider.java:24)
at com.utility.configdataprovider.get_BaseUrl_QA2(configdataprovider.java:24)
at com.utility.configdataprovider.get_BaseUrl_QA2(configdataprovider.java:24)
at com.utility.configdataprovider.get_BaseUrl_QA2(configdataprovider.java:24)
at com.utility.configdataprovider.get_BaseUrl_QA2(configdataprovider.java:24)
at com.utility.configdataprovider.get_BaseUrl_QA2(configdataprovider.java:24)
at com.utility.configdataprovider.get_BaseUrl_QA2(configdataprovider.java:24)
at com.utility.configdataprovider.get_BaseUrl_QA2(configdataprovider.java:24)
at com.utility.configdataprovider.get_BaseUrl_QA2(configdataprovider.java:24)
at com.utility.configdataprovider.get_BaseUrl_QA2(configdataprovider.java:24)
at com.utility.configdataprovider.get_BaseUrl_QA2(configdataprovider.java:24)
at com.utility.configdataprovider.get_BaseUrl_QA2(configdataprovider.java:24)
at com.utility.configdataprovider.get_BaseUrl_QA2(configdataprovider.java:24)
at com.utility.configdataprovider.get_BaseUrl_QA2(configdataprovider.java:24)
at com.utility.configdataprovider.get_BaseUrl_QA2(configdataprovider.java:24)
at com.utility.configdataprovider.get_BaseUrl_QA2(configdataprovider.java:24)
at com.utility.configdataprovider.get_BaseUrl_QA2(configdataprovider.java:24)
at com.utility.configdataprovider.get_BaseUrl_QA2(configdataprovider.java:24)
at com.utility.configdataprovider.get_BaseUrl_QA2(configdataprovider.java:24)
at com.utility.configdataprovider.get_BaseUrl_QA2(configdataprovider.java:24)
at com.utility.configdataprovider.get_BaseUrl_QA2(configdataprovider.java:24)
at com.utility.configdataprovider.get_BaseUrl_QA2(configdataprovider.java:24)
at com.utility.configdataprovider.get_BaseUrl_QA2(configdataprovider.java:24)
at com.utility.configdataprovider.get_BaseUrl_QA2(configdataprovider.java:24)
at com.utility.configdataprovider.get_BaseUrl_QA2(configdataprovider.java:24)
at com.utility.configdataprovider.get_BaseUrl_QA2(configdataprovider.java:24)
at com.utility.configdataprovider.get_BaseUrl_QA2(configdataprovider.java:24)
at com.utility.configdataprovider.get_BaseUrl_QA2(configdataprovider.java:24)
at com.utility.configdataprovider.get_BaseUrl_QA2(configdataprovider.java:24)
at com.utility.configdataprovider.get_BaseUrl_QA2(configdataprovider.java:24)
at com.utility.configdataprovider.get_BaseUrl_QA2(configdataprovider.java:24)
at com.utility.configdataprovider.get_BaseUrl_QA2(configdataprovider.java:24)
at com.utility.configdataprovider.get_BaseUrl_QA2(configdataprovider.java:24)
at com.utility.configdataprovider.get_BaseUrl_QA2(configdataprovider.java:24)
at com.utility.configdataprovider.get_BaseUrl_QA2(configdataprovider.java:24)
at com.utility.configdataprovider.get_BaseUrl_QA2(configdataprovider.java:24)
at com.utility.configdataprovider.get_BaseUrl_QA2(configdataprovider.java:24)
at com.utility.configdataprovider.get_BaseUrl_QA2(configdataprovider.java:24)
at com.utility.configdataprovider.get_BaseUrl_QA2(configdataprovider.java:24)
at com.utility.configdataprovider.get_BaseUrl_QA2(configdataprovider.java:24)
at com.utility.configdataprovider.get_BaseUrl_QA2(configdataprovider.java:24)
at com.utility.configdataprovider.get_BaseUrl_QA2(configdataprovider.java:24)
at com.utility.configdataprovider.get_BaseUrl_QA2(configdataprovider.java:24)
at com.utility.configdataprovider.get_BaseUrl_QA2(configdataprovider.java:24)
at com.utility.configdataprovider.get_BaseUrl_QA2(configdataprovider.java:24)
at com.utility.configdataprovider.get_BaseUrl_QA2(configdataprovider.java:24)
at com.utility.configdataprovider.get_BaseUrl_QA2(configdataprovider.java:24)
at com.utility.configdataprovider.get_BaseUrl_QA2(configdataprovider.java:24)
at com.utility.configdataprovider.get_BaseUrl_QA2(configdataprovider.java:24)
at com.utility.configdataprovider.get_BaseUrl_QA2(configdataprovider.java:24)
at com.utility.configdataprovider.get_BaseUrl_QA2(configdataprovider.java:24)
at com.utility.configdataprovider.get_BaseUrl_QA2(configdataprovider.java:24)
at com.utility.configdataprovider.get_BaseUrl_QA2(configdataprovider.java:24)
at com.utility.configdataprovider.get_BaseUrl_QA2(configdataprovider.java:24)
at com.utility.configdataprovider.get_BaseUrl_QA2(configdataprovider.java:24)
at com.utility.configdataprovider.get_BaseUrl_QA2(configdataprovider.java:24)
at com.utility.configdataprovider.get_BaseUrl_QA2(configdataprovider.java:24)
at com.utility.configdataprovider.get_BaseUrl_QA2(configdataprovider.java:24)
at com.utility.configdataprovider.get_BaseUrl_QA2(configdataprovider.java:24)
at com.utility.configdataprovider.get_BaseUrl_QA2(configdataprovider.java:24)
at com.utility.configdataprovider.get_BaseUrl_QA2(configdataprovider.java:24)
at com.utility.configdataprovider.get_BaseUrl_QA2(configdataprovider.java:24)
at com.utility.configdataprovider.get_BaseUrl_QA2(configdataprovider.java:24)
at com.utility.configdataprovider.get_BaseUrl_QA2(configdataprovider.java:24)
at com.utility.configdataprovider.get_BaseUrl_QA2(configdataprovider.java:24)
at com.utility.configdataprovider.get_BaseUrl_QA2(configdataprovider.java:24)
at com.utility.configdataprovider.get_BaseUrl_QA2(configdataprovider.java:24)
at com.utility.configdataprovider.get_BaseUrl_QA2(configdataprovider.java:24)
at com.utility.configdataprovider.get_BaseUrl_QA2(configdataprovider.java:24)
at com.utility.configdataprovider.get_BaseUrl_QA2(configdataprovider.java:24)
at com.utility.configdataprovider.get_BaseUrl_QA2(configdataprovider.java:24)
at com.utility.configdataprovider.get_BaseUrl_QA2(configdataprovider.java:24)
at com.utility.configdataprovider.get_BaseUrl_QA2(configdataprovider.java:24)
at com.utility.configdataprovider.get_BaseUrl_QA2(configdataprovider.java:24)
at com.utility.configdataprovider.get_BaseUrl_QA2(configdataprovider.java:24)
at com.utility.configdataprovider.get_BaseUrl_QA2(configdataprovider.java:24)
at com.utility.configdataprovider.get_BaseUrl_QA2(configdataprovider.java:24)
at com.utility.configdataprovider.get_BaseUrl_QA2(configdataprovider.java:24)
at com.utility.configdataprovider.get_BaseUrl_QA2(configdataprovider.java:24)
at com.utility.configdataprovider.get_BaseUrl_QA2(configdataprovider.java:24)
at com.utility.configdataprovider.get_BaseUrl_QA2(configdataprovider.java:24)
at com.utility.configdataprovider.get_BaseUrl_QA2(configdataprovider.java:24)
at com.utility.configdataprovider.get_BaseUrl_QA2(configdataprovider.java:24)
at com.utility.configdataprovider.get_BaseUrl_QA2(configdataprovider.java:24)
at com.utility.configdataprovider.get_BaseUrl_QA2(configdataprovider.java:24)
at com.utility.configdataprovider.get_BaseUrl_QA2(configdataprovider.java:24)
at com.utility.configdataprovider.get_BaseUrl_QA2(configdataprovider.java:24)
at com.utility.configdataprovider.get_BaseUrl_QA2(configdataprovider.java:24)
at com.utility.configdataprovider.get_BaseUrl_QA2(configdataprovider.java:24)
at com.utility.configdataprovider.get_BaseUrl_QA2(configdataprovider.java:24)
at com.utility.configdataprovider.get_BaseUrl_QA2(configdataprovider.java:24)
at com.utility.configdataprovider.get_BaseUrl_QA2(configdataprovider.java:24)
at com.utility.configdataprovider.get_BaseUrl_QA2(configdataprovider.java:24)
at com.utility.configdataprovider.get_BaseUrl_QA2(configdataprovider.java:24)
at com.utility.configdataprovider.get_BaseUrl_QA2(configdataprovider.java:24)
at com.utility.configdataprovider.get_BaseUrl_QA2(configdataprovider.java:24)
at com.utility.configdataprovider.get_BaseUrl_QA2(configdataprovider.java:24)
at com.utility.configdataprovider.get_BaseUrl_QA2(configdataprovider.java:24)
at com.utility.configdataprovider.get_BaseUrl_QA2(configdataprovider.java:24)
at com.utility.configdataprovider.get_BaseUrl_QA2(configdataprovider.java:24)
at com.utility.configdataprovider.get_BaseUrl_QA2(configdataprovider.java:24)
at com.utility.configdataprovider.get_BaseUrl_QA2(configdataprovider.java:24)
at com.utility.configdataprovider.get_BaseUrl_QA2(configdataprovider.java:24)
at com.utility.configdataprovider.get_BaseUrl_QA2(configdataprovider.java:24)
at com.utility.configdataprovider.get_BaseUrl_QA2(configdataprovider.java:24)
at com.utility.configdataprovider.get_BaseUrl_QA2(configdataprovider.java:24)
at com.utility.configdataprovider.get_BaseUrl_QA2(configdataprovider.java:24)
at com.utility.configdataprovider.get_BaseUrl_QA2(configdataprovider.java:24)
at com.utility.configdataprovider.get_BaseUrl_QA2(configdataprovider.java:24)
at com.utility.configdataprovider.get_BaseUrl_QA2(configdataprovider.java:24)
at com.utility.configdataprovider.get_BaseUrl_QA2(configdataprovider.java:24)
at com.utility.configdataprovider.get_BaseUrl_QA2(configdataprovider.java:24)
at com.utility.configdataprovider.get_BaseUrl_QA2(configdataprovider.java:24)
at com.utility.configdataprovider.get_BaseUrl_QA2(configdataprovider.java:24)
at com.utility.configdataprovider.get_BaseUrl_QA2(configdataprovider.java:24)
at com.utility.configdataprovider.get_BaseUrl_QA2(configdataprovider.java:24)
at com.utility.configdataprovider.get_BaseUrl_QA2(configdataprovider.java:24)
at com.utility.configdataprovider.get_BaseUrl_QA2(configdataprovider.java:24)
at com.utility.configdataprovider.get_BaseUrl_QA2(configdataprovider.java:24)
at com.utility.configdataprovider.get_BaseUrl_QA2(configdataprovider.java:24)
at com.utility.configdataprovider.get_BaseUrl_QA2(configdataprovider.java:24)
at com.utility.configdataprovider.get_BaseUrl_QA2(configdataprovider.java:24)
at com.utility.configdataprovider.get_BaseUrl_QA2(configdataprovider.java:24)
at com.utility.configdataprovider.get_BaseUrl_QA2(configdataprovider.java:24)
at com.utility.configdataprovider.get_BaseUrl_QA2(configdataprovider.java:24)
at com.utility.configdataprovider.get_BaseUrl_QA2(configdataprovider.java:24)
at com.utility.configdataprovider.get_BaseUrl_QA2(configdataprovider.java:24)
at com.utility.configdataprovider.get_BaseUrl_QA2(configdataprovider.java:24)
at com.utility.configdataprovider.get_BaseUrl_QA2(configdataprovider.java:24)
at com.utility.configdataprovider.get_BaseUrl_QA2(configdataprovider.java:24)
at com.utility.configdataprovider.get_BaseUrl_QA2(configdataprovider.java:24)
at com.utility.configdataprovider.get_BaseUrl_QA2(configdataprovider.java:24)
at com.utility.configdataprovider.get_BaseUrl_QA2(configdataprovider.java:24)
at com.utility.configdataprovider.get_BaseUrl_QA2(configdataprovider.java:24)
at com.utility.configdataprovider.get_BaseUrl_QA2(configdataprovider.java:24)
at com.utility.configdataprovider.get_BaseUrl_QA2(configdataprovider.java:24)
at com.utility.configdataprovider.get_BaseUrl_QA2(configdataprovider.java:24)
at com.utility.configdataprovider.get_BaseUrl_QA2(configdataprovider.java:24)
at com.utility.configdataprovider.get_BaseUrl_QA2(configdataprovider.java:24)
at com.utility.configdataprovider.get_BaseUrl_QA2(configdataprovider.java:24)
at com.utility.configdataprovider.get_BaseUrl_QA2(configdataprovider.java:24)
at com.utility.configdataprovider.get_BaseUrl_QA2(configdataprovider.java:24)
at com.utility.configdataprovider.get_BaseUrl_QA2(configdataprovider.java:24)
at com.utility.configdataprovider.get_BaseUrl_QA2(configdataprovider.java:24)
at com.utility.configdataprovider.get_BaseUrl_QA2(configdataprovider.java:24)
at com.utility.configdataprovider.get_BaseUrl_QA2(configdataprovider.java:24)
at com.utility.configdataprovider.get_BaseUrl_QA2(configdataprovider.java:24)
at com.utility.configdataprovider.get_BaseUrl_QA2(configdataprovider.java:24)
at com.utility.configdataprovider.get_BaseUrl_QA2(configdataprovider.java:24)
at com.utility.configdataprovider.get_BaseUrl_QA2(configdataprovider.java:24)
at com.utility.configdataprovider.get_BaseUrl_QA2(configdataprovider.java:24)
at com.utility.configdataprovider.get_BaseUrl_QA2(configdataprovider.java:24)
at com.utility.configdataprovider.get_BaseUrl_QA2(configdataprovider.java:24)
at com.utility.configdataprovider.get_BaseUrl_QA2(configdataprovider.java:24)
at com.utility.configdataprovider.get_BaseUrl_QA2(configdataprovider.java:24)
at com.utility.configdataprovider.get_BaseUrl_QA2(configdataprovider.java:24)
at com.utility.configdataprovider.get_BaseUrl_QA2(configdataprovider.java:24)
at com.utility.configdataprovider.get_BaseUrl_QA2(configdataprovider.java:24)
at com.utility.configdataprovider.get_BaseUrl_QA2(configdataprovider.java:24)
at com.utility.configdataprovider.get_BaseUrl_QA2(configdataprovider.java:24)
at com.utility.configdataprovider.get_BaseUrl_QA2(configdataprovider.java:24)
at com.utility.configdataprovider.get_BaseUrl_QA2(configdataprovider.java:24)
at com.utility.configdataprovider.get_BaseUrl_QA2(configdataprovider.java:24)
at com.utility.configdataprovider.get_BaseUrl_QA2(configdataprovider.java:24)
at com.utility.configdataprovider.get_BaseUrl_QA2(configdataprovider.java:24)
at com.utility.configdataprovider.get_BaseUrl_QA2(configdataprovider.java:24)
at com.utility.configdataprovider.get_BaseUrl_QA2(configdataprovider.java:24)
at com.utility.configdataprovider.get_BaseUrl_QA2(configdataprovider.java:24)
at com.utility.configdataprovider.get_BaseUrl_QA2(configdataprovider.java:24)
at com.utility.configdataprovider.get_BaseUrl_QA2(configdataprovider.java:24)
at com.utility.configdataprovider.get_BaseUrl_QA2(configdataprovider.java:24)
at com.utility.configdataprovider.get_BaseUrl_QA2(configdataprovider.java:24)
at com.utility.configdataprovider.get_BaseUrl_QA2(configdataprovider.java:24)
at com.utility.configdataprovider.get_BaseUrl_QA2(configdataprovider.java:24)
at com.utility.configdataprovider.get_BaseUrl_QA2(configdataprovider.java:24)
at com.utility.configdataprovider.get_BaseUrl_QA2(configdataprovider.java:24)
at com.utility.configdataprovider.get_BaseUrl_QA2(configdataprovider.java:24)
at com.utility.configdataprovider.get_BaseUrl_QA2(configdataprovider.java:24)
at com.utility.configdataprovider.get_BaseUrl_QA2(configdataprovider.java:24)
at com.utility.configdataprovider.get_BaseUrl_QA2(configdataprovider.java:24)
at com.utility.configdataprovider.get_BaseUrl_QA2(configdataprovider.java:24)
at com.utility.configdataprovider.get_BaseUrl_QA2(configdataprovider.java:24)
at com.utility.configdataprovider.get_BaseUrl_QA2(configdataprovider.java:24)
at com.utility.configdataprovider.get_BaseUrl_QA2(configdataprovider.java:24)
at com.utility.configdataprovider.get_BaseUrl_QA2(configdataprovider.java:24)
at com.utility.configdataprovider.get_BaseUrl_QA2(configdataprovider.java:24)
at com.utility.configdataprovider.get_BaseUrl_QA2(configdataprovider.java:24)
at com.utility.configdataprovider.get_BaseUrl_QA2(configdataprovider.java:24)
at com.utility.configdataprovider.get_BaseUrl_QA2(configdataprovider.java:24)
at com.utility.configdataprovider.get_BaseUrl_QA2(configdataprovider.java:24)
at com.utility.configdataprovider.get_BaseUrl_QA2(configdataprovider.java:24)
at com.utility.configdataprovider.get_BaseUrl_QA2(configdataprovider.java:24)
at com.utility.configdataprovider.get_BaseUrl_QA2(configdataprovider.java:24)
at com.utility.configdataprovider.get_BaseUrl_QA2(configdataprovider.java:24)
at com.utility.configdataprovider.get_BaseUrl_QA2(configdataprovider.java:24)
at com.utility.configdataprovider.get_BaseUrl_QA2(configdataprovider.java:24)
at com.utility.configdataprovider.get_BaseUrl_QA2(configdataprovider.java:24)
at com.utility.configdataprovider.get_BaseUrl_QA2(configdataprovider.java:24)
at com.utility.configdataprovider.get_BaseUrl_QA2(configdataprovider.java:24)
at com.utility.configdataprovider.get_BaseUrl_QA2(configdataprovider.java:24)
at com.utility.configdataprovider.get_BaseUrl_QA2(configdataprovider.java:24)
at com.utility.configdataprovider.get_BaseUrl_QA2(configdataprovider.java:24)
at com.utility.configdataprovider.get_BaseUrl_QA2(configdataprovider.java:24)
at com.utility.configdataprovider.get_BaseUrl_QA2(configdataprovider.java:24)
at com.utility.configdataprovider.get_BaseUrl_QA2(configdataprovider.java:24)
at com.utility.configdataprovider.get_BaseUrl_QA2(configdataprovider.java:24)
at com.utility.configdataprovider.get_BaseUrl_QA2(configdataprovider.java:24)
at com.utility.configdataprovider.get_BaseUrl_QA2(configdataprovider.java:24)
at com.utility.configdataprovider.get_BaseUrl_QA2(configdataprovider.java:24)
at com.utility.configdataprovider.get_BaseUrl_QA2(configdataprovider.java:24)
at com.utility.configdataprovider.get_BaseUrl_QA2(configdataprovider.java:24)
at com.utility.configdataprovider.get_BaseUrl_QA2(configdataprovider.java:24)
at com.utility.configdataprovider.get_BaseUrl_QA2(configdataprovider.java:24)
at com.utility.configdataprovider.get_BaseUrl_QA2(configdataprovider.java:24)
at com.utility.configdataprovider.get_BaseUrl_QA2(configdataprovider.java:24)
at com.utility.configdataprovider.get_BaseUrl_QA2(configdataprovider.java:24)
at com.utility.configdataprovider.get_BaseUrl_QA2(configdataprovider.java:24)
at com.utility.configdataprovider.get_BaseUrl_QA2(configdataprovider.java:24)
at com.utility.configdataprovider.get_BaseUrl_QA2(configdataprovider.java:24)
at com.utility.configdataprovider.get_BaseUrl_QA2(configdataprovider.java:24)
at com.utility.configdataprovider.get_BaseUrl_QA2(configdataprovider.java:24)
at com.utility.configdataprovider.get_BaseUrl_QA2(configdataprovider.java:24)
at com.utility.configdataprovider.get_BaseUrl_QA2(configdataprovider.java:24)
at com.utility.configdataprovider.get_BaseUrl_QA2(configdataprovider.java:24)
at com.utility.configdataprovider.get_BaseUrl_QA2(configdataprovider.java:24)
at com.utility.configdataprovider.get_BaseUrl_QA2(configdataprovider.java:24)
at com.utility.configdataprovider.get_BaseUrl_QA2(configdataprovider.java:24)
at com.utility.configdataprovider.get_BaseUrl_QA2(configdataprovider.java:24)
at com.utility.configdataprovider.get_BaseUrl_QA2(configdataprovider.java:24)
at com.utility.configdataprovider.get_BaseUrl_QA2(configdataprovider.java:24)
at com.utility.configdataprovider.get_BaseUrl_QA2(configdataprovider.java:24)
at com.utility.configdataprovider.get_BaseUrl_QA2(configdataprovider.java:24)
at com.utility.configdataprovider.get_BaseUrl_QA2(configdataprovider.java:24)
at com.utility.configdataprovider.get_BaseUrl_QA2(configdataprovider.java:24)
at com.utility.configdataprovider.get_BaseUrl_QA2(configdataprovider.java:24)
at com.utility.configdataprovider.get_BaseUrl_QA2(configdataprovider.java:24)
at com.utility.configdataprovider.get_BaseUrl_QA2(configdataprovider.java:24)
at com.utility.configdataprovider.get_BaseUrl_QA2(configdataprovider.java:24)
at com.utility.configdataprovider.get_BaseUrl_QA2(configdataprovider.java:24)
at com.utility.configdataprovider.get_BaseUrl_QA2(configdataprovider.java:24)
at com.utility.configdataprovider.get_BaseUrl_QA2(configdataprovider.java:24)
at com.utility.configdataprovider.get_BaseUrl_QA2(configdataprovider.java:24)
at com.utility.configdataprovider.get_BaseUrl_QA2(configdataprovider.java:24)
at com.utility.configdataprovider.get_BaseUrl_QA2(configdataprovider.java:24)
at com.utility.configdataprovider.get_BaseUrl_QA2(configdataprovider.java:24)
at com.utility.configdataprovider.get_BaseUrl_QA2(configdataprovider.java:24)
at com.utility.configdataprovider.get_BaseUrl_QA2(configdataprovider.java:24)
at com.utility.configdataprovider.get_BaseUrl_QA2(configdataprovider.java:24)
at com.utility.configdataprovider.get_BaseUrl_QA2(configdataprovider.java:24)
at com.utility.configdataprovider.get_BaseUrl_QA2(configdataprovider.java:24)
at com.utility.configdataprovider.get_BaseUrl_QA2(configdataprovider.java:24)
at com.utility.configdataprovider.get_BaseUrl_QA2(configdataprovider.java:24)
at com.utility.configdataprovider.get_BaseUrl_QA2(configdataprovider.java:24)
at com.utility.configdataprovider.get_BaseUrl_QA2(configdataprovider.java:24)
at com.utility.configdataprovider.get_BaseUrl_QA2(configdataprovider.java:24)
at com.utility.configdataprovider.get_BaseUrl_QA2(configdataprovider.java:24)
at com.utility.configdataprovider.get_BaseUrl_QA2(configdataprovider.java:24)
at com.utility.configdataprovider.get_BaseUrl_QA2(configdataprovider.java:24)
at com.utility.configdataprovider.get_BaseUrl_QA2(configdataprovider.java:24)
at com.utility.configdataprovider.get_BaseUrl_QA2(configdataprovider.java:24)
at com.utility.configdataprovider.get_BaseUrl_QA2(configdataprovider.java:24)
at com.utility.configdataprovider.get_BaseUrl_QA2(configdataprovider.java:24)
at com.utility.configdataprovider.get_BaseUrl_QA2(configdataprovider.java:24)
at com.utility.configdataprovider.get_BaseUrl_QA2(configdataprovider.java:24)
at com.utility.configdataprovider.get_BaseUrl_QA2(configdataprovider.java:24)
at com.utility.configdataprovider.get_BaseUrl_QA2(configdataprovider.java:24)
at com.utility.configdataprovider.get_BaseUrl_QA2(configdataprovider.java:24)
at com.utility.configdataprovider.get_BaseUrl_QA2(configdataprovider.java:24)
at com.utility.configdataprovider.get_BaseUrl_QA2(configdataprovider.java:24)
at com.utility.configdataprovider.get_BaseUrl_QA2(configdataprovider.java:24)
at com.utility.configdataprovider.get_BaseUrl_QA2(configdataprovider.java:24)
at com.utility.configdataprovider.get_BaseUrl_QA2(configdataprovider.java:24)
at com.utility.configdataprovider.get_BaseUrl_QA2(configdataprovider.java:24)
at com.utility.configdataprovider.get_BaseUrl_QA2(configdataprovider.java:24)
at com.utility.configdataprovider.get_BaseUrl_QA2(configdataprovider.java:24)
at com.utility.configdataprovider.get_BaseUrl_QA2(configdataprovider.java:24)
at com.utility.configdataprovider.get_BaseUrl_QA2(configdataprovider.java:24)
at com.utility.configdataprovider.get_BaseUrl_QA2(configdataprovider.java:24)
at com.utility.configdataprovider.get_BaseUrl_QA2(configdataprovider.java:24)
at com.utility.configdataprovider.get_BaseUrl_QA2(configdataprovider.java:24)
at com.utility.configdataprovider.get_BaseUrl_QA2(configdataprovider.java:24)
at com.utility.configdataprovider.get_BaseUrl_QA2(configdataprovider.java:24)
at com.utility.configdataprovider.get_BaseUrl_QA2(configdataprovider.java:24)
at com.utility.configdataprovider.get_BaseUrl_QA2(configdataprovider.java:24)
at com.utility.configdataprovider.get_BaseUrl_QA2(configdataprovider.java:24)
at com.utility.configdataprovider.get_BaseUrl_QA2(configdataprovider.java:24)
at com.utility.configdataprovider.get_BaseUrl_QA2(configdataprovider.java:24)
at com.utility.configdataprovider.get_BaseUrl_QA2(configdataprovider.java:24)
at com.utility.configdataprovider.get_BaseUrl_QA2(configdataprovider.java:24)
at com.utility.configdataprovider.get_BaseUrl_QA2(configdataprovider.java:24)
at com.utility.configdataprovider.get_BaseUrl_QA2(configdataprovider.java:24)
at com.utility.configdataprovider.get_BaseUrl_QA2(configdataprovider.java:24)
at com.utility.configdataprovider.get_BaseUrl_QA2(configdataprovider.java:24)
at com.utility.configdataprovider.get_BaseUrl_QA2(configdataprovider.java:24)
at com.utility.configdataprovider.get_BaseUrl_QA2(configdataprovider.java:24)
at com.utility.configdataprovider.get_BaseUrl_QA2(configdataprovider.java:24)
at com.utility.configdataprovider.get_BaseUrl_QA2(configdataprovider.java:24)
at com.utility.configdataprovider.get_BaseUrl_QA2(configdataprovider.java:24)
at com.utility.configdataprovider.get_BaseUrl_QA2(configdataprovider.java:24)
at com.utility.configdataprovider.get_BaseUrl_QA2(configdataprovider.java:24)
at com.utility.configdataprovider.get_BaseUrl_QA2(configdataprovider.java:24)
at com.utility.configdataprovider.get_BaseUrl_QA2(configdataprovider.java:24)
at com.utility.configdataprovider.get_BaseUrl_QA2(configdataprovider.java:24)
at com.utility.configdataprovider.get_BaseUrl_QA2(configdataprovider.java:24)
at com.utility.configdataprovider.get_BaseUrl_QA2(configdataprovider.java:24)
at com.utility.configdataprovider.get_BaseUrl_QA2(configdataprovider.java:24)
at com.utility.configdataprovider.get_BaseUrl_QA2(configdataprovider.java:24)
at com.utility.configdataprovider.get_BaseUrl_QA2(configdataprovider.java:24)
at com.utility.configdataprovider.get_BaseUrl_QA2(configdataprovider.java:24)
at com.utility.configdataprovider.get_BaseUrl_QA2(configdataprovider.java:24)
at com.utility.configdataprovider.get_BaseUrl_QA2(configdataprovider.java:24)
at com.utility.configdataprovider.get_BaseUrl_QA2(configdataprovider.java:24)
at com.utility.configdataprovider.get_BaseUrl_QA2(configdataprovider.java:24)
at com.utility.configdataprovider.get_BaseUrl_QA2(configdataprovider.java:24)
at com.utility.configdataprovider.get_BaseUrl_QA2(configdataprovider.java:24)
at com.utility.configdataprovider.get_BaseUrl_QA2(configdataprovider.java:24)
at com.utility.configdataprovider.get_BaseUrl_QA2(configdataprovider.java:24)
at com.utility.configdataprovider.get_BaseUrl_QA2(configdataprovider.java:24)
at com.utility.configdataprovider.get_BaseUrl_QA2(configdataprovider.java:24)
at com.utility.configdataprovider.get_BaseUrl_QA2(configdataprovider.java:24)
at com.utility.configdataprovider.get_BaseUrl_QA2(configdataprovider.java:24)
at com.utility.configdataprovider.get_BaseUrl_QA2(configdataprovider.java:24)
at com.utility.configdataprovider.get_BaseUrl_QA2(configdataprovider.java:24)
at com.utility.configdataprovider.get_BaseUrl_QA2(configdataprovider.java:24)
at com.utility.configdataprovider.get_BaseUrl_QA2(configdataprovider.java:24)
at com.utility.configdataprovider.get_BaseUrl_QA2(configdataprovider.java:24)
at com.utility.configdataprovider.get_BaseUrl_QA2(configdataprovider.java:24)
at com.utility.configdataprovider.get_BaseUrl_QA2(configdataprovider.java:24)
at com.utility.configdataprovider.get_BaseUrl_QA2(configdataprovider.java:24)
at com.utility.configdataprovider.get_BaseUrl_QA2(configdataprovider.java:24)
at com.utility.configdataprovider.get_BaseUrl_QA2(configdataprovider.java:24)
at com.utility.configdataprovider.get_BaseUrl_QA2(configdataprovider.java:24)
at com.utility.configdataprovider.get_BaseUrl_QA2(configdataprovider.java:24)
at com.utility.configdataprovider.get_BaseUrl_QA2(configdataprovider.java:24)
at com.utility.configdataprovider.get_BaseUrl_QA2(configdataprovider.java:24)
at com.utility.configdataprovider.get_BaseUrl_QA2(configdataprovider.java:24)
at com.utility.configdataprovider.get_BaseUrl_QA2(configdataprovider.java:24)
at com.utility.configdataprovider.get_BaseUrl_QA2(configdataprovider.java:24)
at com.utility.configdataprovider.get_BaseUrl_QA2(configdataprovider.java:24)
at com.utility.configdataprovider.get_BaseUrl_QA2(configdataprovider.java:24)
at com.utility.configdataprovider.get_BaseUrl_QA2(configdataprovider.java:24)
at com.utility.configdataprovider.get_BaseUrl_QA2(configdataprovider.java:24)
at com.utility.configdataprovider.get_BaseUrl_QA2(configdataprovider.java:24)
at com.utility.configdataprovider.get_BaseUrl_QA2(configdataprovider.java:24)
at com.utility.configdataprovider.get_BaseUrl_QA2(configdataprovider.java:24)
at com.utility.configdataprovider.get_BaseUrl_QA2(configdataprovider.java:24)
at com.utility.configdataprovider.get_BaseUrl_QA2(configdataprovider.java:24)
at com.utility.configdataprovider.get_BaseUrl_QA2(configdataprovider.java:24)
at com.utility.configdataprovider.get_BaseUrl_QA2(configdataprovider.java:24)
at com.utility.configdataprovider.get_BaseUrl_QA2(configdataprovider.java:24)
at com.utility.configdataprovider.get_BaseUrl_QA2(configdataprovider.java:24)
at com.utility.configdataprovider.get_BaseUrl_QA2(configdataprovider.java:24)
at com.utility.configdataprovider.get_BaseUrl_QA2(configdataprovider.java:24)
at com.utility.configdataprovider.get_BaseUrl_QA2(configdataprovider.java:24)
at com.utility.configdataprovider.get_BaseUrl_QA2(configdataprovider.java:24)
at com.utility.configdataprovider.get_BaseUrl_QA2(configdataprovider.java:24)
at com.utility.configdataprovider.get_BaseUrl_QA2(configdataprovider.java:24)
at com.utility.configdataprovider.get_BaseUrl_QA2(configdataprovider.java:24)
at com.utility.configdataprovider.get_BaseUrl_QA2(configdataprovider.java:24)
at com.utility.configdataprovider.get_BaseUrl_QA2(configdataprovider.java:24)
at com.utility.configdataprovider.get_BaseUrl_QA2(configdataprovider.java:24)
at com.utility.configdataprovider.get_BaseUrl_QA2(configdataprovider.java:24)
at com.utility.configdataprovider.get_BaseUrl_QA2(configdataprovider.java:24)
at com.utility.configdataprovider.get_BaseUrl_QA2(configdataprovider.java:24)
at com.utility.configdataprovider.get_BaseUrl_QA2(configdataprovider.java:24)
at com.utility.configdataprovider.get_BaseUrl_QA2(configdataprovider.java:24)
at com.utility.configdataprovider.get_BaseUrl_QA2(configdataprovider.java:24)
at com.utility.configdataprovider.get_BaseUrl_QA2(configdataprovider.java:24)
at com.utility.configdataprovider.get_BaseUrl_QA2(configdataprovider.java:24)
at com.utility.configdataprovider.get_BaseUrl_QA2(configdataprovider.java:24)
at com.utility.configdataprovider.get_BaseUrl_QA2(configdataprovider.java:24)
at com.utility.configdataprovider.get_BaseUrl_QA2(configdataprovider.java:24)
at com.utility.configdataprovider.get_BaseUrl_QA2(configdataprovider.java:24)
at com.utility.configdataprovider.get_BaseUrl_QA2(configdataprovider.java:24)
at com.utility.configdataprovider.get_BaseUrl_QA2(configdataprovider.java:24)
at com.utility.configdataprovider.get_BaseUrl_QA2(configdataprovider.java:24)
at com.utility.configdataprovider.get_BaseUrl_QA2(configdataprovider.java:24)
at com.utility.configdataprovider.get_BaseUrl_QA2(configdataprovider.java:24)
at com.utility.configdataprovider.get_BaseUrl_QA2(configdataprovider.java:24)
at com.utility.configdataprovider.get_BaseUrl_QA2(configdataprovider.java:24)
at com.utility.configdataprovider.get_BaseUrl_QA2(configdataprovider.java:24)
at com.utility.configdataprovider.get_BaseUrl_QA2(configdataprovider.java:24)
at com.utility.configdataprovider.get_BaseUrl_QA2(configdataprovider.java:24)
at com.utility.configdataprovider.get_BaseUrl_QA2(configdataprovider.java:24)
at com.utility.configdataprovider.get_BaseUrl_QA2(configdataprovider.java:24)
at com.utility.configdataprovider.get_BaseUrl_QA2(configdataprovider.java:24)
at com.utility.configdataprovider.get_BaseUrl_QA2(configdataprovider.java:24)
at com.utility.configdataprovider.get_BaseUrl_QA2(configdataprovider.java:24)
at com.utility.configdataprovider.get_BaseUrl_QA2(configdataprovider.java:24)
at com.utility.configdataprovider.get_BaseUrl_QA2(configdataprovider.java:24)
at com.utility.configdataprovider.get_BaseUrl_QA2(configdataprovider.java:24)
at com.utility.configdataprovider.get_BaseUrl_QA2(configdataprovider.java:24)
at com.utility.configdataprovider.get_BaseUrl_QA2(configdataprovider.java:24)
at com.utility.configdataprovider.get_BaseUrl_QA2(configdataprovider.java:24)
at com.utility.configdataprovider.get_BaseUrl_QA2(configdataprovider.java:24)
at com.utility.configdataprovider.get_BaseUrl_QA2(configdataprovider.java:24)
at com.utility.configdataprovider.get_BaseUrl_QA2(configdataprovider.java:24)
at com.utility.configdataprovider.get_BaseUrl_QA2(configdataprovider.java:24)
at com.utility.configdataprovider.get_BaseUrl_QA2(configdataprovider.java:24)
at com.utility.configdataprovider.get_BaseUrl_QA2(configdataprovider.java:24)
at com.utility.configdataprovider.get_BaseUrl_QA2(configdataprovider.java:24)
at com.utility.configdataprovider.get_BaseUrl_QA2(configdataprovider.java:24)
at com.utility.configdataprovider.get_BaseUrl_QA2(configdataprovider.java:24)
at com.utility.configdataprovider.get_BaseUrl_QA2(configdataprovider.java:24)
at com.utility.configdataprovider.get_BaseUrl_QA2(configdataprovider.java:24)
at com.utility.configdataprovider.get_BaseUrl_QA2(configdataprovider.java:24)
at com.utility.configdataprovider.get_BaseUrl_QA2(configdataprovider.java:24)
at com.utility.configdataprovider.get_BaseUrl_QA2(configdataprovider.java:24)
at com.utility.configdataprovider.get_BaseUrl_QA2(configdataprovider.java:24)
at com.utility.configdataprovider.get_BaseUrl_QA2(configdataprovider.java:24)
at com.utility.configdataprovider.get_BaseUrl_QA2(configdataprovider.java:24)
at com.utility.configdataprovider.get_BaseUrl_QA2(configdataprovider.java:24)
at com.utility.configdataprovider.get_BaseUrl_QA2(configdataprovider.java:24)
at com.utility.configdataprovider.get_BaseUrl_QA2(configdataprovider.java:24)
at com.utility.configdataprovider.get_BaseUrl_QA2(configdataprovider.java:24)
at com.utility.configdataprovider.get_BaseUrl_QA2(configdataprovider.java:24)
at com.utility.configdataprovider.get_BaseUrl_QA2(configdataprovider.java:24)
at com.utility.configdataprovider.get_BaseUrl_QA2(configdataprovider.java:24)
at com.utility.configdataprovider.get_BaseUrl_QA2(configdataprovider.java:24)
at com.utility.configdataprovider.get_BaseUrl_QA2(configdataprovider.java:24)
at com.utility.configdataprovider.get_BaseUrl_QA2(configdataprovider.java:24)
at com.utility.configdataprovider.get_BaseUrl_QA2(configdataprovider.java:24)
at com.utility.configdataprovider.get_BaseUrl_QA2(configdataprovider.java:24)
at com.utility.configdataprovider.get_BaseUrl_QA2(configdataprovider.java:24)
at com.utility.configdataprovider.get_BaseUrl_QA2(configdataprovider.java:24)
at com.utility.configdataprovider.get_BaseUrl_QA2(configdataprovider.java:24)
at com.utility.configdataprovider.get_BaseUrl_QA2(configdataprovider.java:24)
at com.utility.configdataprovider.get_BaseUrl_QA2(configdataprovider.java:24)
at com.utility.configdataprovider.get_BaseUrl_QA2(configdataprovider.java:24)
at com.utility.configdataprovider.get_BaseUrl_QA2(configdataprovider.java:24)
at com.utility.configdataprovider.get_BaseUrl_QA2(configdataprovider.java:24)
at com.utility.configdataprovider.get_BaseUrl_QA2(configdataprovider.java:24)
at com.utility.configdataprovider.get_BaseUrl_QA2(configdataprovider.java:24)
at com.utility.configdataprovider.get_BaseUrl_QA2(configdataprovider.java:24)
at com.utility.configdataprovider.get_BaseUrl_QA2(configdataprovider.java:24)
at com.utility.configdataprovider.get_BaseUrl_QA2(configdataprovider.java:24)
at com.utility.configdataprovider.get_BaseUrl_QA2(configdataprovider.java:24)
at com.utility.configdataprovider.get_BaseUrl_QA2(configdataprovider.java:24)
at com.utility.configdataprovider.get_BaseUrl_QA2(configdataprovider.java:24)
at com.utility.configdataprovider.get_BaseUrl_QA2(configdataprovider.java:24)
at com.utility.configdataprovider.get_BaseUrl_QA2(configdataprovider.java:24)
at com.utility.configdataprovider.get_BaseUrl_QA2(configdataprovider.java:24)
at com.utility.configdataprovider.get_BaseUrl_QA2(configdataprovider.java:24)
at com.utility.configdataprovider.get_BaseUrl_QA2(configdataprovider.java:24)
at com.utility.configdataprovider.get_BaseUrl_QA2(configdataprovider.java:24)
at com.utility.configdataprovider.get_BaseUrl_QA2(configdataprovider.java:24)
at com.utility.configdataprovider.get_BaseUrl_QA2(configdataprovider.java:24)
at com.utility.configdataprovider.get_BaseUrl_QA2(configdataprovider.java:24)
at com.utility.configdataprovider.get_BaseUrl_QA2(configdataprovider.java:24)
at com.utility.configdataprovider.get_BaseUrl_QA2(configdataprovider.java:24)
at com.utility.configdataprovider.get_BaseUrl_QA2(configdataprovider.java:24)
at com.utility.configdataprovider.get_BaseUrl_QA2(configdataprovider.java:24)
at com.utility.configdataprovider.get_BaseUrl_QA2(configdataprovider.java:24)
at com.utility.configdataprovider.get_BaseUrl_QA2(configdataprovider.java:24)
at com.utility.configdataprovider.get_BaseUrl_QA2(configdataprovider.java:24)
at com.utility.configdataprovider.get_BaseUrl_QA2(configdataprovider.java:24)
at com.utility.configdataprovider.get_BaseUrl_QA2(configdataprovider.java:24)
at com.utility.configdataprovider.get_BaseUrl_QA2(configdataprovider.java:24)
at com.utility.configdataprovider.get_BaseUrl_QA2(configdataprovider.java:24)
at com.utility.configdataprovider.get_BaseUrl_QA2(configdataprovider.java:24)
at com.utility.configdataprovider.get_BaseUrl_QA2(configdataprovider.java:24)
at com.utility.configdataprovider.get_BaseUrl_QA2(configdataprovider.java:24)
at com.utility.configdataprovider.get_BaseUrl_QA2(configdataprovider.java:24)
at com.utility.configdataprovider.get_BaseUrl_QA2(configdataprovider.java:24)
at com.utility.configdataprovider.get_BaseUrl_QA2(configdataprovider.java:24)
at com.utility.configdataprovider.get_BaseUrl_QA2(configdataprovider.java:24)
at com.utility.configdataprovider.get_BaseUrl_QA2(configdataprovider.java:24)
at com.utility.configdataprovider.get_BaseUrl_QA2(configdataprovider.java:24)
at com.utility.configdataprovider.get_BaseUrl_QA2(configdataprovider.java:24)
at com.utility.configdataprovider.get_BaseUrl_QA2(configdataprovider.java:24)
at com.utility.configdataprovider.get_BaseUrl_QA2(configdataprovider.java:24)
at com.utility.configdataprovider.get_BaseUrl_QA2(configdataprovider.java:24)
at com.utility.configdataprovider.get_BaseUrl_QA2(configdataprovider.java:24)
at com.utility.configdataprovider.get_BaseUrl_QA2(configdataprovider.java:24)
at com.utility.configdataprovider.get_BaseUrl_QA2(configdataprovider.java:24)
at com.utility.configdataprovider.get_BaseUrl_QA2(configdataprovider.java:24)
at com.utility.configdataprovider.get_BaseUrl_QA2(configdataprovider.java:24)
at com.utility.configdataprovider.get_BaseUrl_QA2(configdataprovider.java:24)
at com.utility.configdataprovider.get_BaseUrl_QA2(configdataprovider.java:24)
at com.utility.configdataprovider.get_BaseUrl_QA2(configdataprovider.java:24)
at com.utility.configdataprovider.get_BaseUrl_QA2(configdataprovider.java:24)
at com.utility.configdataprovider.get_BaseUrl_QA2(configdataprovider.java:24)
at com.utility.configdataprovider.get_BaseUrl_QA2(configdataprovider.java:24)
at com.utility.configdataprovider.get_BaseUrl_QA2(configdataprovider.java:24)
at com.utility.configdataprovider.get_BaseUrl_QA2(configdataprovider.java:24)
at com.utility.configdataprovider.get_BaseUrl_QA2(configdataprovider.java:24)
at com.utility.configdataprovider.get_BaseUrl_QA2(configdataprovider.java:24)
at com.utility.configdataprovider.get_BaseUrl_QA2(configdataprovider.java:24)
at com.utility.configdataprovider.get_BaseUrl_QA2(configdataprovider.java:24)
at com.utility.configdataprovider.get_BaseUrl_QA2(configdataprovider.java:24)
at com.utility.configdataprovider.get_BaseUrl_QA2(configdataprovider.java:24)
at com.utility.configdataprovider.get_BaseUrl_QA2(configdataprovider.java:24)
at com.utility.configdataprovider.get_BaseUrl_QA2(configdataprovider.java:24)
at com.utility.configdataprovider.get_BaseUrl_QA2(configdataprovider.java:24)
at com.utility.configdataprovider.get_BaseUrl_QA2(configdataprovider.java:24)
at com.utility.configdataprovider.get_BaseUrl_QA2(configdataprovider.java:24)
at com.utility.configdataprovider.get_BaseUrl_QA2(configdataprovider.java:24)
at com.utility.configdataprovider.get_BaseUrl_QA2(configdataprovider.java:24)
at com.utility.configdataprovider.get_BaseUrl_QA2(configdataprovider.java:24)
at com.utility.configdataprovider.get_BaseUrl_QA2(configdataprovider.java:24)
at com.utility.configdataprovider.get_BaseUrl_QA2(configdataprovider.java:24)
at com.utility.configdataprovider.get_BaseUrl_QA2(configdataprovider.java:24)
at com.utility.configdataprovider.get_BaseUrl_QA2(configdataprovider.java:24)
at com.utility.configdataprovider.get_BaseUrl_QA2(configdataprovider.java:24)
at com.utility.configdataprovider.get_BaseUrl_QA2(configdataprovider.java:24)
at com.utility.configdataprovider.get_BaseUrl_QA2(configdataprovider.java:24)
at com.utility.configdataprovider.get_BaseUrl_QA2(configdataprovider.java:24)
at com.utility.configdataprovider.get_BaseUrl_QA2(configdataprovider.java:24)
at com.utility.configdataprovider.get_BaseUrl_QA2(configdataprovider.java:24)
at com.utility.configdataprovider.get_BaseUrl_QA2(configdataprovider.java:24)
at com.utility.configdataprovider.get_BaseUrl_QA2(configdataprovider.java:24)
at com.utility.configdataprovider.get_BaseUrl_QA2(configdataprovider.java:24)
at com.utility.configdataprovider.get_BaseUrl_QA2(configdataprovider.java:24)
at com.utility.configdataprovider.get_BaseUrl_QA2(configdataprovider.java:24)
at com.utility.configdataprovider.get_BaseUrl_QA2(configdataprovider.java:24)
at com.utility.configdataprovider.get_BaseUrl_QA2(configdataprovider.java:24)
at com.utility.configdataprovider.get_BaseUrl_QA2(configdataprovider.java:24)
at com.utility.configdataprovider.get_BaseUrl_QA2(configdataprovider.java:24)
at com.utility.configdataprovider.get_BaseUrl_QA2(configdataprovider.java:24)
at com.utility.configdataprovider.get_BaseUrl_QA2(configdataprovider.java:24)
at com.utility.configdataprovider.get_BaseUrl_QA2(configdataprovider.java:24)
at com.utility.configdataprovider.get_BaseUrl_QA2(configdataprovider.java:24)
at com.utility.configdataprovider.get_BaseUrl_QA2(configdataprovider.java:24)
at com.utility.configdataprovider.get_BaseUrl_QA2(configdataprovider.java:24)
at com.utility.configdataprovider.get_BaseUrl_QA2(configdataprovider.java:24)
at com.utility.configdataprovider.get_BaseUrl_QA2(configdataprovider.java:24)
at com.utility.configdataprovider.get_BaseUrl_QA2(configdataprovider.java:24)
at com.utility.configdataprovider.get_BaseUrl_QA2(configdataprovider.java:24)
at com.utility.configdataprovider.get_BaseUrl_QA2(configdataprovider.java:24)
at com.utility.configdataprovider.get_BaseUrl_QA2(configdataprovider.java:24)
at com.utility.configdataprovider.get_BaseUrl_QA2(configdataprovider.java:24)
at com.utility.configdataprovider.get_BaseUrl_QA2(configdataprovider.java:24)
at com.utility.configdataprovider.get_BaseUrl_QA2(configdataprovider.java:24)
at com.utility.configdataprovider.get_BaseUrl_QA2(configdataprovider.java:24)
at com.utility.configdataprovider.get_BaseUrl_QA2(configdataprovider.java:24)
at com.utility.configdataprovider.get_BaseUrl_QA2(configdataprovider.java:24)
at com.utility.configdataprovider.get_BaseUrl_QA2(configdataprovider.java:24)
at com.utility.configdataprovider.get_BaseUrl_QA2(configdataprovider.java:24)
at com.utility.configdataprovider.get_BaseUrl_QA2(configdataprovider.java:24)
at com.utility.configdataprovider.get_BaseUrl_QA2(configdataprovider.java:24)
at com.utility.configdataprovider.get_BaseUrl_QA2(configdataprovider.java:24)
at com.utility.configdataprovider.get_BaseUrl_QA2(configdataprovider.java:24)
at com.utility.configdataprovider.get_BaseUrl_QA2(configdataprovider.java:24)
at com.utility.configdataprovider.get_BaseUrl_QA2(configdataprovider.java:24)
at com.utility.configdataprovider.get_BaseUrl_QA2(configdataprovider.java:24)
at com.utility.configdataprovider.get_BaseUrl_QA2(configdataprovider.java:24)
at com.utility.configdataprovider.get_BaseUrl_QA2(configdataprovider.java:24)
at com.utility.configdataprovider.get_BaseUrl_QA2(configdataprovider.java:24)
at com.utility.configdataprovider.get_BaseUrl_QA2(configdataprovider.java:24)
at com.utility.configdataprovider.get_BaseUrl_QA2(configdataprovider.java:24)
at com.utility.configdataprovider.get_BaseUrl_QA2(configdataprovider.java:24)
at com.utility.configdataprovider.get_BaseUrl_QA2(configdataprovider.java:24)
at com.utility.configdataprovider.get_BaseUrl_QA2(configdataprovider.java:24)
at com.utility.configdataprovider.get_BaseUrl_QA2(configdataprovider.java:24)
at com.utility.configdataprovider.get_BaseUrl_QA2(configdataprovider.java:24)
at com.utility.configdataprovider.get_BaseUrl_QA2(configdataprovider.java:24)
at com.utility.configdataprovider.get_BaseUrl_QA2(configdataprovider.java:24)
at com.utility.configdataprovider.get_BaseUrl_QA2(configdataprovider.java:24)
at com.utility.configdataprovider.get_BaseUrl_QA2(configdataprovider.java:24)
at com.utility.configdataprovider.get_BaseUrl_QA2(configdataprovider.java:24)
at com.utility.configdataprovider.get_BaseUrl_QA2(configdataprovider.java:24)
at com.utility.configdataprovider.get_BaseUrl_QA2(configdataprovider.java:24)
at com.utility.configdataprovider.get_BaseUrl_QA2(configdataprovider.java:24)
at com.utility.configdataprovider.get_BaseUrl_QA2(configdataprovider.java:24)
at com.utility.configdataprovider.get_BaseUrl_QA2(configdataprovider.java:24)
at com.utility.configdataprovider.get_BaseUrl_QA2(configdataprovider.java:24)
at com.utility.configdataprovider.get_BaseUrl_QA2(configdataprovider.java:24)
at com.utility.configdataprovider.get_BaseUrl_QA2(configdataprovider.java:24)
at com.utility.configdataprovider.get_BaseUrl_QA2(configdataprovider.java:24)
at com.utility.configdataprovider.get_BaseUrl_QA2(configdataprovider.java:24)
at com.utility.configdataprovider.get_BaseUrl_QA2(configdataprovider.java:24)
at com.utility.configdataprovider.get_BaseUrl_QA2(configdataprovider.java:24)
at com.utility.configdataprovider.get_BaseUrl_QA2(configdataprovider.java:24)
at com.utility.configdataprovider.get_BaseUrl_QA2(configdataprovider.java:24)
at com.utility.configdataprovider.get_BaseUrl_QA2(configdataprovider.java:24)
at com.utility.configdataprovider.get_BaseUrl_QA2(configdataprovider.java:24)
at com.utility.configdataprovider.get_BaseUrl_QA2(configdataprovider.java:24)
at com.utility.configdataprovider.get_BaseUrl_QA2(configdataprovider.java:24)
at com.utility.configdataprovider.get_BaseUrl_QA2(configdataprovider.java:24)
at com.utility.configdataprovider.get_BaseUrl_QA2(configdataprovider.java:24)
at com.utility.configdataprovider.get_BaseUrl_QA2(configdataprovider.java:24)
at com.utility.configdataprovider.get_BaseUrl_QA2(configdataprovider.java:24)
at com.utility.configdataprovider.get_BaseUrl_QA2(configdataprovider.java:24)
at com.utility.configdataprovider.get_BaseUrl_QA2(configdataprovider.java:24)
at com.utility.configdataprovider.get_BaseUrl_QA2(configdataprovider.java:24)
at com.utility.configdataprovider.get_BaseUrl_QA2(configdataprovider.java:24)
at com.utility.configdataprovider.get_BaseUrl_QA2(configdataprovider.java:24)
at com.utility.configdataprovider.get_BaseUrl_QA2(configdataprovider.java:24)
at com.utility.configdataprovider.get_BaseUrl_QA2(configdataprovider.java:24)
at com.utility.configdataprovider.get_BaseUrl_QA2(configdataprovider.java:24)
at com.utility.configdataprovider.get_BaseUrl_QA2(configdataprovider.java:24)
at com.utility.configdataprovider.get_BaseUrl_QA2(configdataprovider.java:24)
at com.utility.configdataprovider.get_BaseUrl_QA2(configdataprovider.java:24)
at com.utility.configdataprovider.get_BaseUrl_QA2(configdataprovider.java:24)
at com.utility.configdataprovider.get_BaseUrl_QA2(configdataprovider.java:24)
at com.utility.configdataprovider.get_BaseUrl_QA2(configdataprovider.java:24)
at com.utility.configdataprovider.get_BaseUrl_QA2(configdataprovider.java:24)
at com.utility.configdataprovider.get_BaseUrl_QA2(configdataprovider.java:24)
at com.utility.configdataprovider.get_BaseUrl_QA2(configdataprovider.java:24)
at com.utility.configdataprovider.get_BaseUrl_QA2(configdataprovider.java:24)
at com.utility.configdataprovider.get_BaseUrl_QA2(configdataprovider.java:24)
at com.utility.configdataprovider.get_BaseUrl_QA2(configdataprovider.java:24)
at com.utility.configdataprovider.get_BaseUrl_QA2(configdataprovider.java:24)
at com.utility.configdataprovider.get_BaseUrl_QA2(configdataprovider.java:24)
at com.utility.configdataprovider.get_BaseUrl_QA2(configdataprovider.java:24)
at com.utility.configdataprovider.get_BaseUrl_QA2(configdataprovider.java:24)
at com.utility.configdataprovider.get_BaseUrl_QA2(configdataprovider.java:24)
at com.utility.configdataprovider.get_BaseUrl_QA2(configdataprovider.java:24)
at com.utility.configdataprovider.get_BaseUrl_QA2(configdataprovider.java:24)
at com.utility.configdataprovider.get_BaseUrl_QA2(configdataprovider.java:24)
at com.utility.configdataprovider.get_BaseUrl_QA2(configdataprovider.java:24)
at com.utility.configdataprovider.get_BaseUrl_QA2(configdataprovider.java:24)
at com.utility.configdataprovider.get_BaseUrl_QA2(configdataprovider.java:24)
at com.utility.configdataprovider.get_BaseUrl_QA2(configdataprovider.java:24)
at com.utility.configdataprovider.get_BaseUrl_QA2(configdataprovider.java:24)
at com.utility.configdataprovider.get_BaseUrl_QA2(configdataprovider.java:24)
at com.utility.configdataprovider.get_BaseUrl_QA2(configdataprovider.java:24)
at com.utility.configdataprovider.get_BaseUrl_QA2(configdataprovider.java:24)
at com.utility.configdataprovider.get_BaseUrl_QA2(configdataprovider.java:24)
at com.utility.configdataprovider.get_BaseUrl_QA2(configdataprovider.java:24)
at com.utility.configdataprovider.get_BaseUrl_QA2(configdataprovider.java:24)
at com.utility.configdataprovider.get_BaseUrl_QA2(configdataprovider.java:24)
at com.utility.configdataprovider.get_BaseUrl_QA2(configdataprovider.java:24)
at com.utility.configdataprovider.get_BaseUrl_QA2(configdataprovider.java:24)
at com.utility.configdataprovider.get_BaseUrl_QA2(configdataprovider.java:24)
at com.utility.configdataprovider.get_BaseUrl_QA2(configdataprovider.java:24)
at com.utility.configdataprovider.get_BaseUrl_QA2(configdataprovider.java:24)
at com.utility.configdataprovider.get_BaseUrl_QA2(configdataprovider.java:24)
at com.utility.configdataprovider.get_BaseUrl_QA2(configdataprovider.java:24)
at com.utility.configdataprovider.get_BaseUrl_QA2(configdataprovider.java:24)
at com.utility.configdataprovider.get_BaseUrl_QA2(configdataprovider.java:24)
at com.utility.configdataprovider.get_BaseUrl_QA2(configdataprovider.java:24)
at com.utility.configdataprovider.get_BaseUrl_QA2(configdataprovider.java:24)
at com.utility.configdataprovider.get_BaseUrl_QA2(configdataprovider.java:24)
at com.utility.configdataprovider.get_BaseUrl_QA2(configdataprovider.java:24)
at com.utility.configdataprovider.get_BaseUrl_QA2(configdataprovider.java:24)
at com.utility.configdataprovider.get_BaseUrl_QA2(configdataprovider.java:24)
at com.utility.configdataprovider.get_BaseUrl_QA2(configdataprovider.java:24)
at com.utility.configdataprovider.get_BaseUrl_QA2(configdataprovider.java:24)
at com.utility.configdataprovider.get_BaseUrl_QA2(configdataprovider.java:24)
at com.utility.configdataprovider.get_BaseUrl_QA2(configdataprovider.java:24)
at com.utility.configdataprovider.get_BaseUrl_QA2(configdataprovider.java:24)
at com.utility.configdataprovider.get_BaseUrl_QA2(configdataprovider.java:24)
at com.utility.configdataprovider.get_BaseUrl_QA2(configdataprovider.java:24)
at com.utility.configdataprovider.get_BaseUrl_QA2(configdataprovider.java:24)
at com.utility.configdataprovider.get_BaseUrl_QA2(configdataprovider.java:24)
at com.utility.configdataprovider.get_BaseUrl_QA2(configdataprovider.java:24)
at com.utility.configdataprovider.get_BaseUrl_QA2(configdataprovider.java:24)
at com.utility.configdataprovider.get_BaseUrl_QA2(configdataprovider.java:24)
at com.utility.configdataprovider.get_BaseUrl_QA2(configdataprovider.java:24)
at com.utility.configdataprovider.get_BaseUrl_QA2(configdataprovider.java:24)
at com.utility.configdataprovider.get_BaseUrl_QA2(configdataprovider.java:24)
at com.utility.configdataprovider.get_BaseUrl_QA2(configdataprovider.java:24)
at com.utility.configdataprovider.get_BaseUrl_QA2(configdataprovider.java:24)
at com.utility.configdataprovider.get_BaseUrl_QA2(configdataprovider.java:24)
at com.utility.configdataprovider.get_BaseUrl_QA2(configdataprovider.java:24)
at com.utility.configdataprovider.get_BaseUrl_QA2(configdataprovider.java:24)
at com.utility.configdataprovider.get_BaseUrl_QA2(configdataprovider.java:24)
at com.utility.configdataprovider.get_BaseUrl_QA2(configdataprovider.java:24)
at com.utility.configdataprovider.get_BaseUrl_QA2(configdataprovider.java:24)
at com.utility.configdataprovider.get_BaseUrl_QA2(configdataprovider.java:24)
at com.utility.configdataprovider.get_BaseUrl_QA2(configdataprovider.java:24)
at com.utility.configdataprovider.get_BaseUrl_QA2(configdataprovider.java:24)
at com.utility.configdataprovider.get_BaseUrl_QA2(configdataprovider.java:24)
at com.utility.configdataprovider.get_BaseUrl_QA2(configdataprovider.java:24)
at com.utility.configdataprovider.get_BaseUrl_QA2(configdataprovider.java:24)
at com.utility.configdataprovider.get_BaseUrl_QA2(configdataprovider.java:24)
at com.utility.configdataprovider.get_BaseUrl_QA2(configdataprovider.java:24)
at com.utility.configdataprovider.get_BaseUrl_QA2(configdataprovider.java:24)
at com.utility.configdataprovider.get_BaseUrl_QA2(configdataprovider.java:24)
at com.utility.configdataprovider.get_BaseUrl_QA2(configdataprovider.java:24)
at com.utility.configdataprovider.get_BaseUrl_QA2(configdataprovider.java:24)
at com.utility.configdataprovider.get_BaseUrl_QA2(configdataprovider.java:24)
at com.utility.configdataprovider.get_BaseUrl_QA2(configdataprovider.java:24)
at com.utility.configdataprovider.get_BaseUrl_QA2(configdataprovider.java:24)
at com.utility.configdataprovider.get_BaseUrl_QA2(configdataprovider.java:24)
at com.utility.configdataprovider.get_BaseUrl_QA2(configdataprovider.java:24)
at com.utility.configdataprovider.get_BaseUrl_QA2(configdataprovider.java:24)
at com.utility.configdataprovider.get_BaseUrl_QA2(configdataprovider.java:24)
at com.utility.configdataprovider.get_BaseUrl_QA2(configdataprovider.java:24)
at com.utility.configdataprovider.get_BaseUrl_QA2(configdataprovider.java:24)
at com.utility.configdataprovider.get_BaseUrl_QA2(configdataprovider.java:24)
at com.utility.configdataprovider.get_BaseUrl_QA2(configdataprovider.java:24)
at com.utility.configdataprovider.get_BaseUrl_QA2(configdataprovider.java:24)
at com.utility.configdataprovider.get_BaseUrl_QA2(configdataprovider.java:24)
at com.utility.configdataprovider.get_BaseUrl_QA2(configdataprovider.java:24)
at com.utility.configdataprovider.get_BaseUrl_QA2(configdataprovider.java:24)
at com.utility.configdataprovider.get_BaseUrl_QA2(configdataprovider.java:24)
at com.utility.configdataprovider.get_BaseUrl_QA2(configdataprovider.java:24)
at com.utility.configdataprovider.get_BaseUrl_QA2(configdataprovider.java:24)
at com.utility.configdataprovider.get_BaseUrl_QA2(configdataprovider.java:24)
at com.utility.configdataprovider.get_BaseUrl_QA2(configdataprovider.java:24)
at com.utility.configdataprovider.get_BaseUrl_QA2(configdataprovider.java:24)
at com.utility.configdataprovider.get_BaseUrl_QA2(configdataprovider.java:24)
at com.utility.configdataprovider.get_BaseUrl_QA2(configdataprovider.java:24)
at com.utility.configdataprovider.get_BaseUrl_QA2(configdataprovider.java:24)
at com.utility.configdataprovider.get_BaseUrl_QA2(configdataprovider.java:24)
at com.utility.configdataprovider.get_BaseUrl_QA2(configdataprovider.java:24)
at com.utility.configdataprovider.get_BaseUrl_QA2(configdataprovider.java:24)
at com.utility.configdataprovider.get_BaseUrl_QA2(configdataprovider.java:24)
at com.utility.configdataprovider.get_BaseUrl_QA2(configdataprovider.java:24)
at com.utility.configdataprovider.get_BaseUrl_QA2(configdataprovider.java:24)
at com.utility.configdataprovider.get_BaseUrl_QA2(configdataprovider.java:24)
at com.utility.configdataprovider.get_BaseUrl_QA2(configdataprovider.java:24)
at com.utility.configdataprovider.get_BaseUrl_QA2(configdataprovider.java:24)
at com.utility.configdataprovider.get_BaseUrl_QA2(configdataprovider.java:24)
at com.utility.configdataprovider.get_BaseUrl_QA2(configdataprovider.java:24)
at com.utility.configdataprovider.get_BaseUrl_QA2(configdataprovider.java:24)
at com.utility.configdataprovider.get_BaseUrl_QA2(configdataprovider.java:24)
at com.utility.configdataprovider.get_BaseUrl_QA2(configdataprovider.java:24)
at com.utility.configdataprovider.get_BaseUrl_QA2(configdataprovider.java:24)
at com.utility.configdataprovider.get_BaseUrl_QA2(configdataprovider.java:24)
at com.utility.configdataprovider.get_BaseUrl_QA2(configdataprovider.java:24)
at com.utility.configdataprovider.get_BaseUrl_QA2(configdataprovider.java:24)
at com.utility.configdataprovider.get_BaseUrl_QA2(configdataprovider.java:24)
at com.utility.configdataprovider.get_BaseUrl_QA2(configdataprovider.java:24)
at com.utility.configdataprovider.get_BaseUrl_QA2(configdataprovider.java:24)
at com.utility.configdataprovider.get_BaseUrl_QA2(configdataprovider.java:24)
at com.utility.configdataprovider.get_BaseUrl_QA2(configdataprovider.java:24)
at com.utility.configdataprovider.get_BaseUrl_QA2(configdataprovider.java:24)
at com.utility.configdataprovider.get_BaseUrl_QA2(configdataprovider.java:24)
at com.utility.configdataprovider.get_BaseUrl_QA2(configdataprovider.java:24)
at com.utility.configdataprovider.get_BaseUrl_QA2(configdataprovider.java:24)
at com.utility.configdataprovider.get_BaseUrl_QA2(configdataprovider.java:24)
at com.utility.configdataprovider.get_BaseUrl_QA2(configdataprovider.java:24)
at com.utility.configdataprovider.get_BaseUrl_QA2(configdataprovider.java:24)
at com.utility.configdataprovider.get_BaseUrl_QA2(configdataprovider.java:24)
at com.utility.configdataprovider.get_BaseUrl_QA2(configdataprovider.java:24)
at com.utility.configdataprovider.get_BaseUrl_QA2(configdataprovider.java:24)
at com.utility.configdataprovider.get_BaseUrl_QA2(configdataprovider.java:24)
at com.utility.configdataprovider.get_BaseUrl_QA2(configdataprovider.java:24)
at com.utility.configdataprovider.get_BaseUrl_QA2(configdataprovider.java:24)
at com.utility.configdataprovider.get_BaseUrl_QA2(configdataprovider.java:24)
at com.utility.configdataprovider.get_BaseUrl_QA2(configdataprovider.java:24)
at com.utility.configdataprovider.get_BaseUrl_QA2(configdataprovider.java:24)
at com.utility.configdataprovider.get_BaseUrl_QA2(configdataprovider.java:24)
at com.utility.configdataprovider.get_BaseUrl_QA2(configdataprovider.java:24)
at com.utility.configdataprovider.get_BaseUrl_QA2(configdataprovider.java:24)
at com.utility.configdataprovider.get_BaseUrl_QA2(configdataprovider.java:24)
at com.utility.configdataprovider.get_BaseUrl_QA2(configdataprovider.java:24)
at com.utility.configdataprovider.get_BaseUrl_QA2(configdataprovider.java:24)
at com.utility.configdataprovider.get_BaseUrl_QA2(configdataprovider.java:24)
at com.utility.configdataprovider.get_BaseUrl_QA2(configdataprovider.java:24)
at com.utility.configdataprovider.get_BaseUrl_QA2(configdataprovider.java:24)
at com.utility.configdataprovider.get_BaseUrl_QA2(configdataprovider.java:24)
at com.utility.configdataprovider.get_BaseUrl_QA2(configdataprovider.java:24)
at com.utility.configdataprovider.get_BaseUrl_QA2(configdataprovider.java:24)
at com.utility.configdataprovider.get_BaseUrl_QA2(configdataprovider.java:24)
at com.utility.configdataprovider.get_BaseUrl_QA2(configdataprovider.java:24)
at com.utility.configdataprovider.get_BaseUrl_QA2(configdataprovider.java:24)
at com.utility.configdataprovider.get_BaseUrl_QA2(configdataprovider.java:24)
at com.utility.configdataprovider.get_BaseUrl_QA2(configdataprovider.java:24)
at com.utility.configdataprovider.get_BaseUrl_QA2(configdataprovider.java:24)
at com.utility.configdataprovider.get_BaseUrl_QA2(configdataprovider.java:24)
at com.utility.configdataprovider.get_BaseUrl_QA2(configdataprovider.java:24)
at com.utility.configdataprovider.get_BaseUrl_QA2(configdataprovider.java:24)
at com.utility.configdataprovider.get_BaseUrl_QA2(configdataprovider.java:24)
at com.utility.configdataprovider.get_BaseUrl_QA2(configdataprovider.java:24)
at com.utility.configdataprovider.get_BaseUrl_QA2(configdataprovider.java:24)
at com.utility.configdataprovider.get_BaseUrl_QA2(configdataprovider.java:24)
at com.utility.configdataprovider.get_BaseUrl_QA2(configdataprovider.java:24)
at com.utility.configdataprovider.get_BaseUrl_QA2(configdataprovider.java:24)
at com.utility.configdataprovider.get_BaseUrl_QA2(configdataprovider.java:24)
at com.utility.configdataprovider.get_BaseUrl_QA2(configdataprovider.java:24)
at com.utility.configdataprovider.get_BaseUrl_QA2(configdataprovider.java:24)
]]>
    </error>
  </testcase> <!-- setup -->
  <system-out/>
  <testcase classname="pom.test.Test_tc001" name="verify_TestLogin_validCredential" time="0.000">
    <skipped/>
  </testcase> <!-- verify_TestLogin_validCredential -->
  <system-out/>
</testsuite> <!-- pom.test.Test_tc001 -->
